<?xml version="1.0" encoding="UTF-8"?>
<!-- Generated by org.testng.reporters.JUnitReportReporter -->
<testsuite ignored="10" hostname="asd1581po02037" failures="0" tests="1" name="snlTest.BoardTest" time="0.032" errors="0" timestamp="26 Apr 2018 06:41:35 GMT" skipped="0">
  <testcase classname="snlTest.BoardTest" name="testDeletePlayer" time="0.032"/>
  <testcase classname="snlTest.BoardTest" name="gameInProgressExceptionTest">
    <skipped/>
  </testcase> <!-- gameInProgressExceptionTest -->
  <testcase classname="snlTest.BoardTest" name="rollDiceTest">
    <skipped/>
  </testcase> <!-- rollDiceTest -->
  <testcase classname="snlTest.BoardTest" name="fourPlayersRegister">
    <skipped/>
  </testcase> <!-- fourPlayersRegister -->
  <testcase classname="snlTest.BoardTest" name="registeredPlayerTestPosition">
    <skipped/>
  </testcase> <!-- registeredPlayerTestPosition -->
  <testcase classname="snlTest.BoardTest" name="maxPlayersReachedExceptionTest">
    <skipped/>
  </testcase> <!-- maxPlayersReachedExceptionTest -->
  <testcase classname="snlTest.BoardTest" name="rollDiceTestPlayerPlayedTwice">
    <skipped/>
  </testcase> <!-- rollDiceTestPlayerPlayedTwice -->
  <testcase classname="snlTest.BoardTest" name="moreThanFourPlayers">
    <skipped/>
  </testcase> <!-- moreThanFourPlayers -->
  <testcase classname="snlTest.BoardTest" name="registeredPlayerTestName">
    <skipped/>
  </testcase> <!-- registeredPlayerTestName -->
  <testcase classname="snlTest.BoardTest" name="registeredPlayerTestOnUuid">
    <skipped/>
  </testcase> <!-- registeredPlayerTestOnUuid -->
  <testcase classname="snlTest.BoardTest" name="samePlayerRegisterationCheck">
    <skipped/>
  </testcase> <!-- samePlayerRegisterationCheck -->
</testsuite> <!-- snlTest.BoardTest -->
